# JRE version: Java(TM) SE Runtime Environment (7.0_79-b15) (build 1.7.0_79-b15)
# Java VM: Java HotSpot(TM) 64-Bit Server VM (24.79-b02 mixed mode bsd-amd64 compressed oops)
Heap
 PSYoungGen      total 450048K, used 121205K [0x00000007d5500000, 0x00000007ff900000, 0x0000000800000000)
  eden space 262656K, 15% used [0x00000007d5500000,0x00000007d7b8d4a0,0x00000007e5580000)
  from space 187392K, 43% used [0x00000007e5580000,0x00000007ea550000,0x00000007f0c80000)
  to   space 179712K, 0% used [0x00000007f4980000,0x00000007f4980000,0x00000007ff900000)
 ParOldGen       total 596992K, used 391761K [0x0000000780000000, 0x00000007a4700000, 0x00000007d5500000)
  object space 596992K, 65% used [0x0000000780000000,0x0000000797e94428,0x00000007a4700000)
 PSPermGen       total 21504K, used 10706K [0x000000077ae00000, 0x000000077c300000, 0x0000000780000000)
  object space 21504K, 49% used [0x000000077ae00000,0x000000077b874b68,0x000000077c300000)
GC Heap History (10 events):
Event: 10.442 GC heap before
{Heap before GC invocations=15 (full 3):
 PSYoungGen      total 314880K, used 285152K [0x00000007d5500000, 0x00000007f4200000, 0x0000000800000000)
  eden space 183296K, 100% used [0x00000007d5500000,0x00000007e0800000,0x00000007e0800000)
  from space 131584K, 77% used [0x00000007e0800000,0x00000007e6b78000,0x00000007e8880000)
  to   space 137216K, 0% used [0x00000007ebc00000,0x00000007ebc00000,0x00000007f4200000)
 ParOldGen       total 392192K, used 295509K [0x0000000780000000, 0x0000000797f00000, 0x00000007d5500000)
  object space 392192K, 75% used [0x0000000780000000,0x00000007920955a8,0x0000000797f00000)
 PSPermGen       total 21504K, used 10484K [0x000000077ae00000, 0x000000077c300000, 0x0000000780000000)
  object space 21504K, 48% used [0x000000077ae00000,0x000000077b83d1d8,0x000000077c300000)
Event: 10.796 GC heap after
Heap after GC invocations=15 (full 3):
 PSYoungGen      total 353792K, used 127872K [0x00000007d5500000, 0x00000007f6100000, 0x0000000800000000)
  eden space 216576K, 0% used [0x00000007d5500000,0x00000007d5500000,0x00000007e2880000)
  from space 137216K, 93% used [0x00000007ebc00000,0x00000007f38e0000,0x00000007f4200000)
  to   space 151040K, 0% used [0x00000007e2880000,0x00000007e2880000,0x00000007ebc00000)
 ParOldGen       total 392192K, used 295509K [0x0000000780000000, 0x0000000797f00000, 0x00000007d5500000)
  object space 392192K, 75% used [0x0000000780000000,0x00000007920955a8,0x0000000797f00000)
 PSPermGen       total 21504K, used 10484K [0x000000077ae00000, 0x000000077c300000, 0x0000000780000000)
  object space 21504K, 48% used [0x000000077ae00000,0x000000077b83d1d8,0x000000077c300000)
}
Event: 11.063 GC heap before
{Heap before GC invocations=16 (full 3):
 PSYoungGen      total 353792K, used 344448K [0x00000007d5500000, 0x00000007f6100000, 0x0000000800000000)
  eden space 216576K, 100% used [0x00000007d5500000,0x00000007e2880000,0x00000007e2880000)
  from space 137216K, 93% used [0x00000007ebc00000,0x00000007f38e0000,0x00000007f4200000)
  to   space 151040K, 0% used [0x00000007e2880000,0x00000007e2880000,0x00000007ebc00000)
 ParOldGen       total 392192K, used 295509K [0x0000000780000000, 0x0000000797f00000, 0x00000007d5500000)
  object space 392192K, 75% used [0x0000000780000000,0x00000007920955a8,0x0000000797f00000)
 PSPermGen       total 21504K, used 10484K [0x000000077ae00000, 0x000000077c300000, 0x0000000780000000)
  object space 21504K, 48% used [0x000000077ae00000,0x000000077b83d1d8,0x000000077c300000)
Event: 11.246 GC heap after
Heap after GC invocations=16 (full 3):
 PSYoungGen      total 367616K, used 151040K [0x00000007d5500000, 0x00000007fb600000, 0x0000000800000000)
  eden space 216576K, 0% used [0x00000007d5500000,0x00000007d5500000,0x00000007e2880000)
  from space 151040K, 100% used [0x00000007e2880000,0x00000007ebc00000,0x00000007ebc00000)
  to   space 173568K, 0% used [0x00000007f0c80000,0x00000007f0c80000,0x00000007fb600000)
 ParOldGen       total 392192K, used 303069K [0x0000000780000000, 0x0000000797f00000, 0x00000007d5500000)
  object space 392192K, 77% used [0x0000000780000000,0x00000007927f75a8,0x0000000797f00000)
 PSPermGen       total 21504K, used 10484K [0x000000077ae00000, 0x000000077c300000, 0x0000000780000000)
  object space 21504K, 48% used [0x000000077ae00000,0x000000077b83d1d8,0x000000077c300000)
}
Event: 11.488 GC heap before
{Heap before GC invocations=17 (full 3):
 PSYoungGen      total 367616K, used 367616K [0x00000007d5500000, 0x00000007fb600000, 0x0000000800000000)
  eden space 216576K, 100% used [0x00000007d5500000,0x00000007e2880000,0x00000007e2880000)
  from space 151040K, 100% used [0x00000007e2880000,0x00000007ebc00000,0x00000007ebc00000)
  to   space 173568K, 0% used [0x00000007f0c80000,0x00000007f0c80000,0x00000007fb600000)
 ParOldGen       total 392192K, used 303069K [0x0000000780000000, 0x0000000797f00000, 0x00000007d5500000)
  object space 392192K, 77% used [0x0000000780000000,0x00000007927f75a8,0x0000000797f00000)
 PSPermGen       total 21504K, used 10484K [0x000000077ae00000, 0x000000077c300000, 0x0000000780000000)
  object space 21504K, 48% used [0x000000077ae00000,0x000000077b83d1d8,0x000000077c300000)
Event: 11.811 GC heap after
Heap after GC invocations=17 (full 3):
 PSYoungGen      total 436224K, used 147488K [0x00000007d5500000, 0x00000007fd380000, 0x0000000800000000)
  eden space 262656K, 0% used [0x00000007d5500000,0x00000007d5500000,0x00000007e5580000)
  from space 173568K, 84% used [0x00000007f0c80000,0x00000007f9c88000,0x00000007fb600000)
  to   space 187392K, 0% used [0x00000007e5580000,0x00000007e5580000,0x00000007f0c80000)
 ParOldGen       total 392192K, used 337597K [0x0000000780000000, 0x0000000797f00000, 0x00000007d5500000)
  object space 392192K, 86% used [0x0000000780000000,0x00000007949af490,0x0000000797f00000)
 PSPermGen       total 21504K, used 10484K [0x000000077ae00000, 0x000000077c300000, 0x0000000780000000)
  object space 21504K, 48% used [0x000000077ae00000,0x000000077b83d1d8,0x000000077c300000)
}
Event: 11.811 GC heap before
{Heap before GC invocations=18 (full 4):
 PSYoungGen      total 436224K, used 147488K [0x00000007d5500000, 0x00000007fd380000, 0x0000000800000000)
  eden space 262656K, 0% used [0x00000007d5500000,0x00000007d5500000,0x00000007e5580000)
  from space 173568K, 84% used [0x00000007f0c80000,0x00000007f9c88000,0x00000007fb600000)
  to   space 187392K, 0% used [0x00000007e5580000,0x00000007e5580000,0x00000007f0c80000)
 ParOldGen       total 392192K, used 337597K [0x0000000780000000, 0x0000000797f00000, 0x00000007d5500000)
  object space 392192K, 86% used [0x0000000780000000,0x00000007949af490,0x0000000797f00000)
 PSPermGen       total 21504K, used 10484K [0x000000077ae00000, 0x000000077c300000, 0x0000000780000000)
  object space 21504K, 48% used [0x000000077ae00000,0x000000077b83d1d8,0x000000077c300000)
Event: 13.870 GC heap after
Heap after GC invocations=18 (full 4):
 PSYoungGen      total 436224K, used 35224K [0x00000007d5500000, 0x00000007fd380000, 0x0000000800000000)
  eden space 262656K, 0% used [0x00000007d5500000,0x00000007d5500000,0x00000007e5580000)
  from space 173568K, 20% used [0x00000007f0c80000,0x00000007f2ee6130,0x00000007fb600000)
  to   space 187392K, 0% used [0x00000007e5580000,0x00000007e5580000,0x00000007f0c80000)
 ParOldGen       total 596992K, used 391761K [0x0000000780000000, 0x00000007a4700000, 0x00000007d5500000)
  object space 596992K, 65% used [0x0000000780000000,0x0000000797e94428,0x00000007a4700000)
 PSPermGen       total 21504K, used 10480K [0x000000077ae00000, 0x000000077c300000, 0x0000000780000000)
  object space 21504K, 48% used [0x000000077ae00000,0x000000077b83c278,0x000000077c300000)
}
Event: 14.322 GC heap before
{Heap before GC invocations=19 (full 4):
 PSYoungGen      total 436224K, used 297880K [0x00000007d5500000, 0x00000007fd380000, 0x0000000800000000)
  eden space 262656K, 100% used [0x00000007d5500000,0x00000007e5580000,0x00000007e5580000)
  from space 173568K, 20% used [0x00000007f0c80000,0x00000007f2ee6130,0x00000007fb600000)
  to   space 187392K, 0% used [0x00000007e5580000,0x00000007e5580000,0x00000007f0c80000)
 ParOldGen       total 596992K, used 391761K [0x0000000780000000, 0x00000007a4700000, 0x00000007d5500000)
  object space 596992K, 65% used [0x0000000780000000,0x0000000797e94428,0x00000007a4700000)
 PSPermGen       total 21504K, used 10512K [0x000000077ae00000, 0x000000077c300000, 0x0000000780000000)
  object space 21504K, 48% used [0x000000077ae00000,0x000000077b844170,0x000000077c300000)
Event: 14.497 GC heap after
Heap after GC invocations=19 (full 4):
 PSYoungGen      total 450048K, used 81728K [0x00000007d5500000, 0x00000007ff900000, 0x0000000800000000)
  eden space 262656K, 0% used [0x00000007d5500000,0x00000007d5500000,0x00000007e5580000)
  from space 187392K, 43% used [0x00000007e5580000,0x00000007ea550000,0x00000007f0c80000)
  to   space 179712K, 0% used [0x00000007f4980000,0x00000007f4980000,0x00000007ff900000)
 ParOldGen       total 596992K, used 391761K [0x0000000780000000, 0x00000007a4700000, 0x00000007d5500000)
  object space 596992K, 65% used [0x0000000780000000,0x0000000797e94428,0x00000007a4700000)
 PSPermGen       total 21504K, used 10512K [0x000000077ae00000, 0x000000077c300000, 0x0000000780000000)
  object space 21504K, 48% used [0x000000077ae00000,0x000000077b844170,0x000000077c300000)
}

