# JRE version: Java(TM) SE Runtime Environment (7.0_79-b15) (build 1.7.0_79-b15)
# Java VM: Java HotSpot(TM) 64-Bit Server VM (24.79-b02 mixed mode bsd-amd64 compressed oops)
Heap
 PSYoungGen      total 451072K, used 121677K [0x00000007d5500000, 0x00000007f9800000, 0x0000000800000000)
  eden space 315392K, 9% used [0x00000007d5500000,0x00000007d70d4368,0x00000007e8900000)
  from space 135680K, 68% used [0x00000007f0f80000,0x00000007f6a7f0f0,0x00000007f9400000)
  to   space 137728K, 0% used [0x00000007e8900000,0x00000007e8900000,0x00000007f0f80000)
 ParOldGen       total 323072K, used 260209K [0x0000000780000000, 0x0000000793b80000, 0x00000007d5500000)
  object space 323072K, 80% used [0x0000000780000000,0x000000078fe1c450,0x0000000793b80000)
 PSPermGen       total 21504K, used 14108K [0x000000077ae00000, 0x000000077c300000, 0x0000000780000000)
  object space 21504K, 65% used [0x000000077ae00000,0x000000077bbc7308,0x000000077c300000)
GC Heap History (10 events):
Event: 5.277 GC heap before
{Heap before GC invocations=12 (full 2):
 PSYoungGen      total 272384K, used 272384K [0x00000007d5500000, 0x00000007ef300000, 0x0000000800000000)
  eden space 188416K, 100% used [0x00000007d5500000,0x00000007e0d00000,0x00000007e0d00000)
  from space 83968K, 100% used [0x00000007e0d00000,0x00000007e5f00000,0x00000007e5f00000)
  to   space 97792K, 0% used [0x00000007e9380000,0x00000007e9380000,0x00000007ef300000)
 ParOldGen       total 323072K, used 184356K [0x0000000780000000, 0x0000000793b80000, 0x00000007d5500000)
  object space 323072K, 57% used [0x0000000780000000,0x000000078b409328,0x0000000793b80000)
 PSPermGen       total 21504K, used 6485K [0x000000077ae00000, 0x000000077c300000, 0x0000000780000000)
  object space 21504K, 30% used [0x000000077ae00000,0x000000077b455448,0x000000077c300000)
Event: 5.429 GC heap after
Heap after GC invocations=12 (full 2):
 PSYoungGen      total 313344K, used 97792K [0x00000007d5500000, 0x00000007f0f80000, 0x0000000800000000)
  eden space 215552K, 0% used [0x00000007d5500000,0x00000007d5500000,0x00000007e2780000)
  from space 97792K, 100% used [0x00000007e9380000,0x00000007ef300000,0x00000007ef300000)
  to   space 110592K, 0% used [0x00000007e2780000,0x00000007e2780000,0x00000007e9380000)
 ParOldGen       total 323072K, used 187876K [0x0000000780000000, 0x0000000793b80000, 0x00000007d5500000)
  object space 323072K, 58% used [0x0000000780000000,0x000000078b779328,0x0000000793b80000)
 PSPermGen       total 21504K, used 6485K [0x000000077ae00000, 0x000000077c300000, 0x0000000780000000)
  object space 21504K, 30% used [0x000000077ae00000,0x000000077b455448,0x000000077c300000)
}
Event: 5.669 GC heap before
{Heap before GC invocations=13 (full 2):
 PSYoungGen      total 313344K, used 313344K [0x00000007d5500000, 0x00000007f0f80000, 0x0000000800000000)
  eden space 215552K, 100% used [0x00000007d5500000,0x00000007e2780000,0x00000007e2780000)
  from space 97792K, 100% used [0x00000007e9380000,0x00000007ef300000,0x00000007ef300000)
  to   space 110592K, 0% used [0x00000007e2780000,0x00000007e2780000,0x00000007e9380000)
 ParOldGen       total 323072K, used 187876K [0x0000000780000000, 0x0000000793b80000, 0x00000007d5500000)
  object space 323072K, 58% used [0x0000000780000000,0x000000078b779328,0x0000000793b80000)
 PSPermGen       total 21504K, used 6485K [0x000000077ae00000, 0x000000077c300000, 0x0000000780000000)
  object space 21504K, 30% used [0x000000077ae00000,0x000000077b455448,0x000000077c300000)
Event: 5.830 GC heap after
Heap after GC invocations=13 (full 2):
 PSYoungGen      total 326144K, used 75776K [0x00000007d5500000, 0x00000007f3400000, 0x0000000800000000)
  eden space 215552K, 0% used [0x00000007d5500000,0x00000007d5500000,0x00000007e2780000)
  from space 110592K, 68% used [0x00000007e2780000,0x00000007e7180000,0x00000007e9380000)
  to   space 111616K, 0% used [0x00000007ec700000,0x00000007ec700000,0x00000007f3400000)
 ParOldGen       total 323072K, used 229744K [0x0000000780000000, 0x0000000793b80000, 0x00000007d5500000)
  object space 323072K, 71% used [0x0000000780000000,0x000000078e05c228,0x0000000793b80000)
 PSPermGen       total 21504K, used 6485K [0x000000077ae00000, 0x000000077c300000, 0x0000000780000000)
  object space 21504K, 30% used [0x000000077ae00000,0x000000077b455448,0x000000077c300000)
}
Event: 6.082 GC heap before
{Heap before GC invocations=14 (full 2):
 PSYoungGen      total 326144K, used 291328K [0x00000007d5500000, 0x00000007f3400000, 0x0000000800000000)
  eden space 215552K, 100% used [0x00000007d5500000,0x00000007e2780000,0x00000007e2780000)
  from space 110592K, 68% used [0x00000007e2780000,0x00000007e7180000,0x00000007e9380000)
  to   space 111616K, 0% used [0x00000007ec700000,0x00000007ec700000,0x00000007f3400000)
 ParOldGen       total 323072K, used 229744K [0x0000000780000000, 0x0000000793b80000, 0x00000007d5500000)
  object space 323072K, 71% used [0x0000000780000000,0x000000078e05c228,0x0000000793b80000)
 PSPermGen       total 21504K, used 6485K [0x000000077ae00000, 0x000000077c300000, 0x0000000780000000)
  object space 21504K, 30% used [0x000000077ae00000,0x000000077b455448,0x000000077c300000)
Event: 6.220 GC heap after
Heap after GC invocations=14 (full 2):
 PSYoungGen      total 371712K, used 94336K [0x00000007d5500000, 0x00000007f4280000, 0x0000000800000000)
  eden space 260096K, 0% used [0x00000007d5500000,0x00000007d5500000,0x00000007e5300000)
  from space 111616K, 84% used [0x00000007ec700000,0x00000007f2320000,0x00000007f3400000)
  to   space 118784K, 0% used [0x00000007e5300000,0x00000007e5300000,0x00000007ec700000)
 ParOldGen       total 323072K, used 229744K [0x0000000780000000, 0x0000000793b80000, 0x00000007d5500000)
  object space 323072K, 71% used [0x0000000780000000,0x000000078e05c228,0x0000000793b80000)
 PSPermGen       total 21504K, used 6485K [0x000000077ae00000, 0x000000077c300000, 0x0000000780000000)
  object space 21504K, 30% used [0x000000077ae00000,0x000000077b455448,0x000000077c300000)
}
Event: 6.988 GC heap before
{Heap before GC invocations=15 (full 2):
 PSYoungGen      total 371712K, used 354432K [0x00000007d5500000, 0x00000007f4280000, 0x0000000800000000)
  eden space 260096K, 100% used [0x00000007d5500000,0x00000007e5300000,0x00000007e5300000)
  from space 111616K, 84% used [0x00000007ec700000,0x00000007f2320000,0x00000007f3400000)
  to   space 118784K, 0% used [0x00000007e5300000,0x00000007e5300000,0x00000007ec700000)
 ParOldGen       total 323072K, used 229744K [0x0000000780000000, 0x0000000793b80000, 0x00000007d5500000)
  object space 323072K, 71% used [0x0000000780000000,0x000000078e05c228,0x0000000793b80000)
 PSPermGen       total 21504K, used 7607K [0x000000077ae00000, 0x000000077c300000, 0x0000000780000000)
  object space 21504K, 35% used [0x000000077ae00000,0x000000077b56ded0,0x000000077c300000)
Event: 7.119 GC heap after
Heap after GC invocations=15 (full 2):
 PSYoungGen      total 378880K, used 118784K [0x00000007d5500000, 0x00000007f9400000, 0x0000000800000000)
  eden space 260096K, 0% used [0x00000007d5500000,0x00000007d5500000,0x00000007e5300000)
  from space 118784K, 100% used [0x00000007e5300000,0x00000007ec700000,0x00000007ec700000)
  to   space 135680K, 0% used [0x00000007f0f80000,0x00000007f0f80000,0x00000007f9400000)
 ParOldGen       total 323072K, used 236473K [0x0000000780000000, 0x0000000793b80000, 0x00000007d5500000)
  object space 323072K, 73% used [0x0000000780000000,0x000000078e6ee450,0x0000000793b80000)
 PSPermGen       total 21504K, used 7607K [0x000000077ae00000, 0x000000077c300000, 0x0000000780000000)
  object space 21504K, 35% used [0x000000077ae00000,0x000000077b56ded0,0x000000077c300000)
}
Event: 7.493 GC heap before
{Heap before GC invocations=16 (full 2):
 PSYoungGen      total 378880K, used 378880K [0x00000007d5500000, 0x00000007f9400000, 0x0000000800000000)
  eden space 260096K, 100% used [0x00000007d5500000,0x00000007e5300000,0x00000007e5300000)
  from space 118784K, 100% used [0x00000007e5300000,0x00000007ec700000,0x00000007ec700000)
  to   space 135680K, 0% used [0x00000007f0f80000,0x00000007f0f80000,0x00000007f9400000)
 ParOldGen       total 323072K, used 236473K [0x0000000780000000, 0x0000000793b80000, 0x00000007d5500000)
  object space 323072K, 73% used [0x0000000780000000,0x000000078e6ee450,0x0000000793b80000)
 PSPermGen       total 21504K, used 8037K [0x000000077ae00000, 0x000000077c300000, 0x0000000780000000)
  object space 21504K, 37% used [0x000000077ae00000,0x000000077b5d9538,0x000000077c300000)
Event: 7.652 GC heap after
Heap after GC invocations=16 (full 2):
 PSYoungGen      total 451072K, used 93180K [0x00000007d5500000, 0x00000007f9800000, 0x0000000800000000)
  eden space 315392K, 0% used [0x00000007d5500000,0x00000007d5500000,0x00000007e8900000)
  from space 135680K, 68% used [0x00000007f0f80000,0x00000007f6a7f0f0,0x00000007f9400000)
  to   space 137728K, 0% used [0x00000007e8900000,0x00000007e8900000,0x00000007f0f80000)
 ParOldGen       total 323072K, used 260209K [0x0000000780000000, 0x0000000793b80000, 0x00000007d5500000)
  object space 323072K, 80% used [0x0000000780000000,0x000000078fe1c450,0x0000000793b80000)
 PSPermGen       total 21504K, used 8037K [0x000000077ae00000, 0x000000077c300000, 0x0000000780000000)
  object space 21504K, 37% used [0x000000077ae00000,0x000000077b5d9538,0x000000077c300000)
}

