# JRE version: Java(TM) SE Runtime Environment (7.0_79-b15) (build 1.7.0_79-b15)
# Java VM: Java HotSpot(TM) 64-Bit Server VM (24.79-b02 mixed mode bsd-amd64 compressed oops)
Heap
 PSYoungGen      total 303616K, used 34759K [0x00000007d5500000, 0x00000007fe800000, 0x0000000800000000)
  eden space 282624K, 4% used [0x00000007d5500000,0x00000007d629ea50,0x00000007e6900000)
  from space 20992K, 99% used [0x00000007e6900000,0x00000007e7d53468,0x00000007e7d80000)
  to   space 195072K, 0% used [0x00000007f2980000,0x00000007f2980000,0x00000007fe800000)
 ParOldGen       total 613376K, used 512836K [0x0000000780000000, 0x00000007a5700000, 0x00000007d5500000)
  object space 613376K, 83% used [0x0000000780000000,0x000000079f4d1318,0x00000007a5700000)
 PSPermGen       total 21504K, used 20468K [0x000000077ae00000, 0x000000077c300000, 0x0000000780000000)
  object space 21504K, 95% used [0x000000077ae00000,0x000000077c1fd360,0x000000077c300000)
GC Heap History (10 events):
Event: 46.135 GC heap before
{Heap before GC invocations=35 (full 4):
 PSYoungGen      total 486400K, used 285664K [0x00000007d5500000, 0x0000000800000000, 0x0000000800000000)
  eden space 284672K, 100% used [0x00000007d5500000,0x00000007e6b00000,0x00000007e6b00000)
  from space 201728K, 0% used [0x00000007f3b00000,0x00000007f3bf8000,0x0000000800000000)
  to   space 207360K, 0% used [0x00000007e6b00000,0x00000007e6b00000,0x00000007f3580000)
 ParOldGen       total 613376K, used 512780K [0x0000000780000000, 0x00000007a5700000, 0x00000007d5500000)
  object space 613376K, 83% used [0x0000000780000000,0x000000079f4c3318,0x00000007a5700000)
 PSPermGen       total 21504K, used 10654K [0x000000077ae00000, 0x000000077c300000, 0x0000000780000000)
  object space 21504K, 49% used [0x000000077ae00000,0x000000077b867ba0,0x000000077c300000)
Event: 46.142 GC heap after
Heap after GC invocations=35 (full 4):
 PSYoungGen      total 286208K, used 1536K [0x00000007d5500000, 0x0000000800000000, 0x0000000800000000)
  eden space 284672K, 0% used [0x00000007d5500000,0x00000007d5500000,0x00000007e6b00000)
  from space 1536K, 100% used [0x00000007e6b00000,0x00000007e6c80000,0x00000007e6c80000)
  to   space 209920K, 0% used [0x00000007f3300000,0x00000007f3300000,0x0000000800000000)
 ParOldGen       total 613376K, used 512796K [0x0000000780000000, 0x00000007a5700000, 0x00000007d5500000)
  object space 613376K, 83% used [0x0000000780000000,0x000000079f4c7318,0x00000007a5700000)
 PSPermGen       total 21504K, used 10654K [0x000000077ae00000, 0x000000077c300000, 0x0000000780000000)
  object space 21504K, 49% used [0x000000077ae00000,0x000000077b867ba0,0x000000077c300000)
}
Event: 48.230 GC heap before
{Heap before GC invocations=36 (full 4):
 PSYoungGen      total 286208K, used 286208K [0x00000007d5500000, 0x0000000800000000, 0x0000000800000000)
  eden space 284672K, 100% used [0x00000007d5500000,0x00000007e6b00000,0x00000007e6b00000)
  from space 1536K, 100% used [0x00000007e6b00000,0x00000007e6c80000,0x00000007e6c80000)
  to   space 209920K, 0% used [0x00000007f3300000,0x00000007f3300000,0x0000000800000000)
 ParOldGen       total 613376K, used 512796K [0x0000000780000000, 0x00000007a5700000, 0x00000007d5500000)
  object space 613376K, 83% used [0x0000000780000000,0x000000079f4c7318,0x00000007a5700000)
 PSPermGen       total 21504K, used 10654K [0x000000077ae00000, 0x000000077c300000, 0x0000000780000000)
  object space 21504K, 49% used [0x000000077ae00000,0x000000077b867ba0,0x000000077c300000)
Event: 48.233 GC heap after
Heap after GC invocations=36 (full 4):
 PSYoungGen      total 489984K, used 576K [0x00000007d5500000, 0x0000000800000000, 0x0000000800000000)
  eden space 280064K, 0% used [0x00000007d5500000,0x00000007d5500000,0x00000007e6680000)
  from space 209920K, 0% used [0x00000007f3300000,0x00000007f3390000,0x0000000800000000)
  to   space 209408K, 0% used [0x00000007e6680000,0x00000007e6680000,0x00000007f3300000)
 ParOldGen       total 613376K, used 512804K [0x0000000780000000, 0x00000007a5700000, 0x00000007d5500000)
  object space 613376K, 83% used [0x0000000780000000,0x000000079f4c9318,0x00000007a5700000)
 PSPermGen       total 21504K, used 10654K [0x000000077ae00000, 0x000000077c300000, 0x0000000780000000)
  object space 21504K, 49% used [0x000000077ae00000,0x000000077b867ba0,0x000000077c300000)
}
Event: 50.161 GC heap before
{Heap before GC invocations=37 (full 4):
 PSYoungGen      total 489984K, used 280640K [0x00000007d5500000, 0x0000000800000000, 0x0000000800000000)
  eden space 280064K, 100% used [0x00000007d5500000,0x00000007e6680000,0x00000007e6680000)
  from space 209920K, 0% used [0x00000007f3300000,0x00000007f3390000,0x0000000800000000)
  to   space 209408K, 0% used [0x00000007e6680000,0x00000007e6680000,0x00000007f3300000)
 ParOldGen       total 613376K, used 512804K [0x0000000780000000, 0x00000007a5700000, 0x00000007d5500000)
  object space 613376K, 83% used [0x0000000780000000,0x000000079f4c9318,0x00000007a5700000)
 PSPermGen       total 21504K, used 10654K [0x000000077ae00000, 0x000000077c300000, 0x0000000780000000)
  object space 21504K, 49% used [0x000000077ae00000,0x000000077b867ba0,0x000000077c300000)
Event: 50.165 GC heap after
Heap after GC invocations=37 (full 4):
 PSYoungGen      total 281088K, used 1024K [0x00000007d5500000, 0x00000007ffb80000, 0x0000000800000000)
  eden space 280064K, 0% used [0x00000007d5500000,0x00000007d5500000,0x00000007e6680000)
  from space 1024K, 100% used [0x00000007e6680000,0x00000007e6780000,0x00000007e6780000)
  to   space 207360K, 0% used [0x00000007f3100000,0x00000007f3100000,0x00000007ffb80000)
 ParOldGen       total 613376K, used 512812K [0x0000000780000000, 0x00000007a5700000, 0x00000007d5500000)
  object space 613376K, 83% used [0x0000000780000000,0x000000079f4cb318,0x00000007a5700000)
 PSPermGen       total 21504K, used 10654K [0x000000077ae00000, 0x000000077c300000, 0x0000000780000000)
  object space 21504K, 49% used [0x000000077ae00000,0x000000077b867ba0,0x000000077c300000)
}
Event: 52.067 GC heap before
{Heap before GC invocations=38 (full 4):
 PSYoungGen      total 281088K, used 281088K [0x00000007d5500000, 0x00000007ffb80000, 0x0000000800000000)
  eden space 280064K, 100% used [0x00000007d5500000,0x00000007e6680000,0x00000007e6680000)
  from space 1024K, 100% used [0x00000007e6680000,0x00000007e6780000,0x00000007e6780000)
  to   space 207360K, 0% used [0x00000007f3100000,0x00000007f3100000,0x00000007ffb80000)
 ParOldGen       total 613376K, used 512812K [0x0000000780000000, 0x00000007a5700000, 0x00000007d5500000)
  object space 613376K, 83% used [0x0000000780000000,0x000000079f4cb318,0x00000007a5700000)
 PSPermGen       total 21504K, used 10654K [0x000000077ae00000, 0x000000077c300000, 0x0000000780000000)
  object space 21504K, 49% used [0x000000077ae00000,0x000000077b867ba0,0x000000077c300000)
Event: 52.071 GC heap after
Heap after GC invocations=38 (full 4):
 PSYoungGen      total 485376K, used 832K [0x00000007d5500000, 0x00000007ff700000, 0x0000000800000000)
  eden space 282624K, 0% used [0x00000007d5500000,0x00000007d5500000,0x00000007e6900000)
  from space 202752K, 0% used [0x00000007f3100000,0x00000007f31d0000,0x00000007ff700000)
  to   space 203776K, 0% used [0x00000007e6900000,0x00000007e6900000,0x00000007f3000000)
 ParOldGen       total 613376K, used 512820K [0x0000000780000000, 0x00000007a5700000, 0x00000007d5500000)
  object space 613376K, 83% used [0x0000000780000000,0x000000079f4cd318,0x00000007a5700000)
 PSPermGen       total 21504K, used 10654K [0x000000077ae00000, 0x000000077c300000, 0x0000000780000000)
  object space 21504K, 49% used [0x000000077ae00000,0x000000077b867ba0,0x000000077c300000)
}
Event: 10599.552 GC heap before
{Heap before GC invocations=39 (full 4):
 PSYoungGen      total 485376K, used 282100K [0x00000007d5500000, 0x00000007ff700000, 0x0000000800000000)
  eden space 282624K, 99% used [0x00000007d5500000,0x00000007e67ad088,0x00000007e6900000)
  from space 202752K, 0% used [0x00000007f3100000,0x00000007f31d0000,0x00000007ff700000)
  to   space 203776K, 0% used [0x00000007e6900000,0x00000007e6900000,0x00000007f3000000)
 ParOldGen       total 613376K, used 512820K [0x0000000780000000, 0x00000007a5700000, 0x00000007d5500000)
  object space 613376K, 83% used [0x0000000780000000,0x000000079f4cd318,0x00000007a5700000)
 PSPermGen       total 21504K, used 20468K [0x000000077ae00000, 0x000000077c300000, 0x0000000780000000)
  object space 21504K, 95% used [0x000000077ae00000,0x000000077c1fd280,0x000000077c300000)
Event: 10599.733 GC heap after
Heap after GC invocations=39 (full 4):
 PSYoungGen      total 303616K, used 20813K [0x00000007d5500000, 0x00000007fe800000, 0x0000000800000000)
  eden space 282624K, 0% used [0x00000007d5500000,0x00000007d5500000,0x00000007e6900000)
  from space 20992K, 99% used [0x00000007e6900000,0x00000007e7d53468,0x00000007e7d80000)
  to   space 195072K, 0% used [0x00000007f2980000,0x00000007f2980000,0x00000007fe800000)
 ParOldGen       total 613376K, used 512836K [0x0000000780000000, 0x00000007a5700000, 0x00000007d5500000)
  object space 613376K, 83% used [0x0000000780000000,0x000000079f4d1318,0x00000007a5700000)
 PSPermGen       total 21504K, used 20468K [0x000000077ae00000, 0x000000077c300000, 0x0000000780000000)
  object space 21504K, 95% used [0x000000077ae00000,0x000000077c1fd280,0x000000077c300000)
}

